[20:59:39] [Server thread/INFO]: Starting minecraft server version 1.8.8
[20:59:39] [Server thread/INFO]: Loading properties
[20:59:39] [Server thread/INFO]: Default game type: SURVIVAL
[20:59:39] [Server thread/INFO]: This server is running CraftBukkit version git-PaperSpigot-445 (MC: 1.8.8) (Implementing API version 1.8.8-R0.1-SNAPSHOT)
[20:59:39] [Server thread/INFO]: Debug logging is disabled
[20:59:39] [Server thread/INFO]: Spigot Timings: true - Verbose: true - Interval: 5m - Length: 60m
[20:59:39] [Server thread/INFO]: Server Ping Player Sample Count: 12

[20:59:39] [Server thread/INFO]: Using 4 threads for Netty based IO
[20:59:40] [Server thread/INFO]: Data value allowed items: 
[20:59:40] [Server thread/WARN]: java.lang.NoSuchFieldException: modifiers

[20:59:40] [Server thread/WARN]: 	at java.base/java.lang.Class.getDeclaredField(Class.java:2782)

[20:59:40] [Server thread/WARN]: 	at org.github.paperspigot.PaperSpigotConfig.stackableBuckets(PaperSpigotConfig.java:192)

[20:59:40] [Server thread/WARN]: 	at java.base/jdk.internal.reflect.DirectMethodHandleAccessor.invoke(DirectMethodHandleAccessor.java:103)

[20:59:40] [Server thread/WARN]: 	at java.base/java.lang.reflect.Method.invoke(Method.java:580)

[20:59:40] [Server thread/WARN]: 	at org.github.paperspigot.PaperSpigotConfig.readConfig(PaperSpigotConfig.java:84)

[20:59:40] [Server thread/WARN]: 	at org.github.paperspigot.PaperSpigotConfig.init(PaperSpigotConfig.java:62)

[20:59:40] [Server thread/WARN]: 	at net.minecraft.server.v1_8_R3.DedicatedServer.init(DedicatedServer.java:181)

[20:59:40] [Server thread/WARN]: 	at net.minecraft.server.v1_8_R3.MinecraftServer.run(MinecraftServer.java:563)

[20:59:40] [Server thread/WARN]: 	at java.base/java.lang.Thread.run(Thread.java:1583)

[20:59:40] [Server thread/INFO]: Generating keypair
[20:59:40] [Server thread/INFO]: Starting Minecraft server on localhost:25565
[20:59:40] [Server thread/INFO]: Your platform does not provide complete low-level API for accessing direct buffers reliably. Unless explicitly requested, heap buffer will always be preferred to avoid potential system unstability.
[20:59:40] [Server thread/INFO]: Using default channel type
[20:59:40] [Server thread/INFO]: Set PluginClassLoader as parallel capable
[20:59:40] [Server thread/INFO]: [SimpleTpa] Loading SimpleTpa v6.4
[20:59:40] [Server thread/INFO]: [SimpleHomes] Loading SimpleHomes v2.2
[20:59:40] [Server thread/INFO]: [WorldEdit] Loading WorldEdit v6.1;no_git_id
[20:59:40] [Server thread/INFO]: [LoginSecurity] Loading LoginSecurity v3.2.0
[20:59:40] [Server thread/WARN]: **** SERVER IS RUNNING IN OFFLINE/INSECURE MODE!
[20:59:40] [Server thread/WARN]: The server will make no attempt to authenticate usernames. Beware.
[20:59:40] [Server thread/WARN]: Whilst this makes it possible to use BungeeCord, unless access to your server is properly restricted, it also opens up the ability for hackers to connect with any username they choose.
[20:59:40] [Server thread/WARN]: Please see http://www.spigotmc.org/wiki/firewall-guide/ for further information.
[20:59:40] [Server thread/WARN]: To change this, set "online-mode" to "true" in the server.properties file.
[20:59:40] [Server thread/INFO]: **** Beginning UUID conversion, this may take A LONG time ****
[20:59:40] [Server thread/INFO]: Preparing level "world"
[20:59:40] [Server thread/INFO]: -------- World Settings For [world] --------
[20:59:40] [Server thread/INFO]: Mob Spawn Range: 4
[20:59:40] [Server thread/INFO]: Anti X-Ray: true
[20:59:40] [Server thread/INFO]: 	Engine Mode: 1
[20:59:40] [Server thread/INFO]: 	Hidden Blocks: [14, 15, 16, 21, 48, 49, 54, 56, 73, 74, 82, 129, 130]
[20:59:40] [Server thread/INFO]: 	Replace Blocks: [1, 5]
[20:59:40] [Server thread/INFO]: Nerfing mobs spawned from spawners: false
[20:59:40] [Server thread/INFO]: Cactus Growth Modifier: 100%
[20:59:40] [Server thread/INFO]: Cane Growth Modifier: 100%
[20:59:40] [Server thread/INFO]: Melon Growth Modifier: 100%
[20:59:40] [Server thread/INFO]: Mushroom Growth Modifier: 100%
[20:59:40] [Server thread/INFO]: Pumpkin Growth Modifier: 100%
[20:59:40] [Server thread/INFO]: Sapling Growth Modifier: 100%
[20:59:40] [Server thread/INFO]: Wheat Growth Modifier: 100%
[20:59:40] [Server thread/INFO]: NetherWart Growth Modifier: 100%
[20:59:40] [Server thread/INFO]: Entity Activation Range: An 32 / Mo 32 / Mi 16
[20:59:40] [Server thread/INFO]: Entity Tracking Range: Pl 48 / An 48 / Mo 48 / Mi 32 / Other 64
[20:59:40] [Server thread/INFO]: Hopper Transfer: 8 Hopper Check: 8 Hopper Amount: 1
[20:59:40] [Server thread/INFO]: Random Lighting Updates: false
[20:59:40] [Server thread/INFO]: Structure Info Saving: true
[20:59:40] [Server thread/INFO]: Sending up to 10 chunks per packet
[20:59:40] [Server thread/INFO]: Max Entity Collisions: 8
[20:59:40] [Server thread/INFO]: Custom Map Seeds:  Village: 10387312 Feature: 14357617
[20:59:40] [Server thread/INFO]: Max TNT Explosions: 100
[20:59:40] [Server thread/INFO]: Tile Max Tick Time: 50ms Entity max Tick Time: 50ms
[20:59:40] [Server thread/INFO]: Item Despawn Rate: 6000
[20:59:40] [Server thread/INFO]: Item Merge Radius: 2.5
[20:59:40] [Server thread/INFO]: Arrow Despawn Rate: 1200
[20:59:40] [Server thread/INFO]: Allow Zombie Pigmen to spawn from portal blocks: true
[20:59:40] [Server thread/INFO]: View Distance: 4
[20:59:40] [Server thread/INFO]: Zombie Aggressive Towards Villager: true
[20:59:40] [Server thread/INFO]: Chunks to Grow per Tick: 650
[20:59:40] [Server thread/INFO]: Clear tick list: false
[20:59:40] [Server thread/INFO]: Experience Merge Radius: 3.0
[20:59:40] [Server thread/INFO]: -------- World Settings For [world] --------
[20:59:40] [Server thread/INFO]: Squids will spawn between Y: 45.0 and Y: 63.0
[20:59:40] [Server thread/INFO]: Max height for cactus growth 3. Max height for reed growth 3
[20:59:40] [Server thread/INFO]: Living Entity Despawn Ranges:  Soft: 32 Hard: 128
[20:59:40] [Server thread/INFO]: Player blocking damage multiplier set to 0.5
[20:59:40] [Server thread/INFO]: Remove invalid mob spawner tile entities: true
[20:59:40] [Server thread/INFO]: Water over lava flow speed: 5
[20:59:40] [Server thread/INFO]: Fix TNT cannons: false
[20:59:40] [Server thread/INFO]: Allow undead horse types to be leashed: false
[20:59:40] [Server thread/INFO]: Keep spawn chunk loaded: true
[20:59:40] [Server thread/INFO]: World async lighting: false
[20:59:40] [Server thread/INFO]: WorldServer TickNextTick cap set at 10000
[20:59:40] [Server thread/INFO]: WorldServer TickNextTickList cap always processes redstone: false
[20:59:40] [Server thread/INFO]: -------- World Settings For [world_nether] --------
[20:59:40] [Server thread/INFO]: Mob Spawn Range: 4
[20:59:40] [Server thread/INFO]: Anti X-Ray: true
[20:59:40] [Server thread/INFO]: 	Engine Mode: 1
[20:59:40] [Server thread/INFO]: 	Hidden Blocks: [14, 15, 16, 21, 48, 49, 54, 56, 73, 74, 82, 129, 130]
[20:59:40] [Server thread/INFO]: 	Replace Blocks: [1, 5]
[20:59:40] [Server thread/INFO]: Nerfing mobs spawned from spawners: false
[20:59:40] [Server thread/INFO]: Cactus Growth Modifier: 100%
[20:59:40] [Server thread/INFO]: Cane Growth Modifier: 100%
[20:59:40] [Server thread/INFO]: Melon Growth Modifier: 100%
[20:59:40] [Server thread/INFO]: Mushroom Growth Modifier: 100%
[20:59:40] [Server thread/INFO]: Pumpkin Growth Modifier: 100%
[20:59:40] [Server thread/INFO]: Sapling Growth Modifier: 100%
[20:59:40] [Server thread/INFO]: Wheat Growth Modifier: 100%
[20:59:40] [Server thread/INFO]: NetherWart Growth Modifier: 100%
[20:59:40] [Server thread/INFO]: Entity Activation Range: An 32 / Mo 32 / Mi 16
[20:59:40] [Server thread/INFO]: Entity Tracking Range: Pl 48 / An 48 / Mo 48 / Mi 32 / Other 64
[20:59:40] [Server thread/INFO]: Hopper Transfer: 8 Hopper Check: 8 Hopper Amount: 1
[20:59:40] [Server thread/INFO]: Random Lighting Updates: false
[20:59:40] [Server thread/INFO]: Structure Info Saving: true
[20:59:40] [Server thread/INFO]: Sending up to 10 chunks per packet
[20:59:40] [Server thread/INFO]: Max Entity Collisions: 8
[20:59:40] [Server thread/INFO]: Custom Map Seeds:  Village: 10387312 Feature: 14357617
[20:59:40] [Server thread/INFO]: Max TNT Explosions: 100
[20:59:40] [Server thread/INFO]: Tile Max Tick Time: 50ms Entity max Tick Time: 50ms
[20:59:40] [Server thread/INFO]: Item Despawn Rate: 6000
[20:59:40] [Server thread/INFO]: Item Merge Radius: 2.5
[20:59:40] [Server thread/INFO]: Arrow Despawn Rate: 1200
[20:59:40] [Server thread/INFO]: Allow Zombie Pigmen to spawn from portal blocks: true
[20:59:40] [Server thread/INFO]: View Distance: 4
[20:59:40] [Server thread/INFO]: Zombie Aggressive Towards Villager: true
[20:59:40] [Server thread/INFO]: Chunks to Grow per Tick: 650
[20:59:40] [Server thread/INFO]: Clear tick list: false
[20:59:40] [Server thread/INFO]: Experience Merge Radius: 3.0
[20:59:40] [Server thread/INFO]: -------- World Settings For [world_nether] --------
[20:59:40] [Server thread/INFO]: Squids will spawn between Y: 45.0 and Y: 63.0
[20:59:40] [Server thread/INFO]: Max height for cactus growth 3. Max height for reed growth 3
[20:59:40] [Server thread/INFO]: Living Entity Despawn Ranges:  Soft: 32 Hard: 128
[20:59:40] [Server thread/INFO]: Player blocking damage multiplier set to 0.5
[20:59:40] [Server thread/INFO]: Remove invalid mob spawner tile entities: true
[20:59:40] [Server thread/INFO]: Water over lava flow speed: 5
[20:59:40] [Server thread/INFO]: Fix TNT cannons: false
[20:59:40] [Server thread/INFO]: Allow undead horse types to be leashed: false
[20:59:40] [Server thread/INFO]: Keep spawn chunk loaded: true
[20:59:40] [Server thread/INFO]: World async lighting: false
[20:59:40] [Server thread/INFO]: WorldServer TickNextTick cap set at 10000
[20:59:40] [Server thread/INFO]: WorldServer TickNextTickList cap always processes redstone: false
[20:59:40] [Server thread/INFO]: -------- World Settings For [world_the_end] --------
[20:59:40] [Server thread/INFO]: Mob Spawn Range: 4
[20:59:40] [Server thread/INFO]: Anti X-Ray: true
[20:59:40] [Server thread/INFO]: 	Engine Mode: 1
[20:59:40] [Server thread/INFO]: 	Hidden Blocks: [14, 15, 16, 21, 48, 49, 54, 56, 73, 74, 82, 129, 130]
[20:59:40] [Server thread/INFO]: 	Replace Blocks: [1, 5]
[20:59:40] [Server thread/INFO]: Nerfing mobs spawned from spawners: false
[20:59:40] [Server thread/INFO]: Cactus Growth Modifier: 100%
[20:59:40] [Server thread/INFO]: Cane Growth Modifier: 100%
[20:59:40] [Server thread/INFO]: Melon Growth Modifier: 100%
[20:59:40] [Server thread/INFO]: Mushroom Growth Modifier: 100%
[20:59:40] [Server thread/INFO]: Pumpkin Growth Modifier: 100%
[20:59:40] [Server thread/INFO]: Sapling Growth Modifier: 100%
[20:59:40] [Server thread/INFO]: Wheat Growth Modifier: 100%
[20:59:40] [Server thread/INFO]: NetherWart Growth Modifier: 100%
[20:59:40] [Server thread/INFO]: Entity Activation Range: An 32 / Mo 32 / Mi 16
[20:59:40] [Server thread/INFO]: Entity Tracking Range: Pl 48 / An 48 / Mo 48 / Mi 32 / Other 64
[20:59:40] [Server thread/INFO]: Hopper Transfer: 8 Hopper Check: 8 Hopper Amount: 1
[20:59:40] [Server thread/INFO]: Random Lighting Updates: false
[20:59:40] [Server thread/INFO]: Structure Info Saving: true
[20:59:40] [Server thread/INFO]: Sending up to 10 chunks per packet
[20:59:40] [Server thread/INFO]: Max Entity Collisions: 8
[20:59:40] [Server thread/INFO]: Custom Map Seeds:  Village: 10387312 Feature: 14357617
[20:59:40] [Server thread/INFO]: Max TNT Explosions: 100
[20:59:40] [Server thread/INFO]: Tile Max Tick Time: 50ms Entity max Tick Time: 50ms
[20:59:40] [Server thread/INFO]: Item Despawn Rate: 6000
[20:59:40] [Server thread/INFO]: Item Merge Radius: 2.5
[20:59:40] [Server thread/INFO]: Arrow Despawn Rate: 1200
[20:59:40] [Server thread/INFO]: Allow Zombie Pigmen to spawn from portal blocks: true
[20:59:40] [Server thread/INFO]: View Distance: 4
[20:59:40] [Server thread/INFO]: Zombie Aggressive Towards Villager: true
[20:59:40] [Server thread/INFO]: Chunks to Grow per Tick: 650
[20:59:40] [Server thread/INFO]: Clear tick list: false
[20:59:40] [Server thread/INFO]: Experience Merge Radius: 3.0
[20:59:40] [Server thread/INFO]: -------- World Settings For [world_the_end] --------
[20:59:40] [Server thread/INFO]: Squids will spawn between Y: 45.0 and Y: 63.0
[20:59:40] [Server thread/INFO]: Max height for cactus growth 3. Max height for reed growth 3
[20:59:40] [Server thread/INFO]: Living Entity Despawn Ranges:  Soft: 32 Hard: 128
[20:59:40] [Server thread/INFO]: Player blocking damage multiplier set to 0.5
[20:59:40] [Server thread/INFO]: Remove invalid mob spawner tile entities: true
[20:59:40] [Server thread/INFO]: Water over lava flow speed: 5
[20:59:40] [Server thread/INFO]: Fix TNT cannons: false
[20:59:40] [Server thread/INFO]: Allow undead horse types to be leashed: false
[20:59:40] [Server thread/INFO]: Keep spawn chunk loaded: true
[20:59:40] [Server thread/INFO]: World async lighting: false
[20:59:40] [Server thread/INFO]: WorldServer TickNextTick cap set at 10000
[20:59:40] [Server thread/INFO]: WorldServer TickNextTickList cap always processes redstone: false
[20:59:40] [Server thread/INFO]: Preparing start region for level 0 (Seed: -7989845602019421636)
[20:59:41] [Server thread/INFO]: Preparing spawn area: 41%
[20:59:42] [Server thread/INFO]: Preparing start region for level 1 (Seed: -7989845602019421636)
[20:59:43] [Server thread/INFO]: Preparing spawn area: 72%
[20:59:43] [Server thread/INFO]: Preparing start region for level 2 (Seed: -7989845602019421636)
[20:59:43] [Server thread/INFO]: [SimpleTpa] Enabling SimpleTpa v6.4
[20:59:43] [Server thread/INFO]: [0;33;1m[21m[SimpleTpa] If you need support contact me at https://discord.gg/SZUkza9[m

[20:59:43] [Server thread/INFO]: [0;33;1m[21m[SimpleTpa] Simple Tpa has been enabled on version 6.4[m

[20:59:43] [Server thread/INFO]: Enabled metrics. You may opt-out by changing plugins/bStats/config.yml
[20:59:43] [Server thread/INFO]: [SimpleHomes] Enabling SimpleHomes v2.2
[20:59:43] [Server thread/INFO]: [WorldEdit] Enabling WorldEdit v6.1;no_git_id
[20:59:43] [Server thread/INFO]: WEPIF: Using the Bukkit Permissions API.
[20:59:43] [Server thread/INFO]: [WorldEdit] Using com.sk89q.worldedit.bukkit.adapter.impl.Spigot_v1_8_R3 as the Bukkit adapter
[20:59:43] [Server thread/INFO]: [LoginSecurity] Enabling LoginSecurity v3.2.0
[20:59:43] [Server thread/INFO]: [LoginSecurity] Loading base translations from "en_us"
[20:59:44] [Server thread/INFO]: [LoginSecurity] Loading specified translations from "en_us"
[20:59:44] [Server thread/INFO]: [LoginSecurity] Registering commands...
[20:59:44] [Server thread/INFO]: [LoginSecurity] Registering listeners...
[20:59:44] [Server thread/INFO]: Server permissions file permissions.yml is empty, ignoring it
[20:59:44] [Server thread/INFO]: Done (3.815s)! For help, type "help" or "?"
[20:59:44] [Server thread/INFO]: Timings Reset
[20:59:45] [Craft Scheduler Thread - 0/INFO]: [0;31;1m[21m[SimpleTpa] There is a new update available.[m

[20:59:45] [Craft Scheduler Thread - 0/INFO]: [0;31;1m[SimpleTpa] There is a new update available:[m

[20:59:45] [Craft Scheduler Thread - 0/INFO]: [0;31;1m[SimpleTpa] https://www.spigotmc.org/resources/simple-tpa.64270/[m

[21:02:07] [Thread-7/INFO]: UUID of player NikoPlayzYT is 19b7541c-ec9f-341e-ab22-90f8a88bb2f5
[21:02:07] [Server thread/INFO]: NikoPlayzYT[/[0:0:0:0:0:0:0:1]:50194] logged in with entity id 399 at ([world]-231.5, 62.0, 248.5)
[21:02:18] [Server thread/INFO]: NikoPlayzYT lost connection: Disconnected
[21:02:18] [Server thread/INFO]: NikoPlayzYT left the game.
[21:02:33] [Thread-8/INFO]: UUID of player ItsNikoPlayzYT is 50cb3cdc-83f0-3684-aa29-8188a37d0984
[21:02:33] [Server thread/INFO]: ItsNikoPlayzYT[/[0:0:0:0:0:0:0:1]:53990] logged in with entity id 493 at ([world]-231.5, 69.0, 259.5)
[21:02:54] [Server thread/INFO]: ItsNikoPlayzYT issued server command: /lac update
[21:02:54] [Craft Scheduler Thread - 1/INFO]: [LoginSecurity] Downloading file LoginSecurity-3.2.0-Bukkit (1).jar...
[21:02:54] [Craft Scheduler Thread - 1/INFO]: [LoginSecurity] Download complete!
[21:03:13] [Server thread/INFO]: ItsNikoPlayzYT issued server command: /gamemode creative
[21:03:13] [Server thread/INFO]: [ItsNikoPlayzYT: Set own game mode to Creative Mode]
[21:03:24] [Server thread/INFO]: ItsNikoPlayzYT issued server command: //wand
[21:06:23] [Server thread/INFO]: ItsNikoPlayzYT lost connection: Timed out
[21:06:23] [Server thread/INFO]: ItsNikoPlayzYT left the game.
[21:11:43] [Thread-10/INFO]: UUID of player RubitosanPlayz is f43303d6-2e26-32ba-af33-56bfc81d598f
[21:11:43] [Server thread/INFO]: RubitosanPlayz[/[0:0:0:0:0:0:0:1]:37398] logged in with entity id 846 at ([world]-236.5, 63.0, 250.5)
[21:11:46] [Server thread/INFO]: RubitosanPlayz has just earned the achievement [Taking Inventory]
[21:12:14] [Server thread/INFO]: RubitosanPlayz lost connection: Login timed out!
[21:12:14] [Server thread/INFO]: RubitosanPlayz left the game.
[21:12:14] [Server thread/WARN]: handleDisconnection() called twice
[21:12:21] [Thread-11/INFO]: UUID of player RubitosanPlayz is f43303d6-2e26-32ba-af33-56bfc81d598f
[21:12:21] [Server thread/INFO]: RubitosanPlayz[/[0:0:0:0:0:0:0:1]:44102] logged in with entity id 849 at ([world]-236.5, 63.0, 250.5)
[21:12:59] [Server thread/INFO]: RubitosanPlayz issued server command: /weather clear
[21:13:11] [Thread-12/INFO]: UUID of player ItsNikoPlayzYT is 50cb3cdc-83f0-3684-aa29-8188a37d0984
[21:13:11] [Server thread/INFO]: ItsNikoPlayzYT[/[0:0:0:0:0:0:0:1]:57312] logged in with entity id 859 at ([world]-235.3686909723001, 82.75303173953775, 283.03026639916067)
[21:13:14] [Async Chat Thread - #0/INFO]: <RubitosanPlayz> where r u and stop da rain[m

[21:13:23] [Server thread/INFO]: ItsNikoPlayzYT issued server command: /time set day
[21:13:23] [Server thread/INFO]: [ItsNikoPlayzYT: Set the time to 1000]
[21:13:30] [Server thread/INFO]: ItsNikoPlayzYT issued server command: /weather clear
[21:13:30] [Server thread/INFO]: [ItsNikoPlayzYT: Changing to clear weather]
[21:13:44] [Server thread/INFO]: ItsNikoPlayzYT issued server command: /tp @p RubitosanPlayz
[21:13:44] [Server thread/INFO]: [ItsNikoPlayzYT: Teleported ItsNikoPlayzYT to RubitosanPlayz]
[21:13:55] [Server thread/INFO]: ItsNikoPlayzYT issued server command: /op
[21:14:02] [Server thread/INFO]: RubitosanPlayz issued server command: /gamemode c
[21:14:04] [Server thread/INFO]: ItsNikoPlayzYT issued server command: /op RubitosanPlayz
[21:14:04] [Server thread/INFO]: [ItsNikoPlayzYT: Opped RubitosanPlayz]
[21:14:14] [Server thread/INFO]: ItsNikoPlayzYT issued server command: /deop RubitosanPlayz
[21:14:14] [Server thread/INFO]: [ItsNikoPlayzYT: De-opped RubitosanPlayz]
[21:14:16] [Server thread/INFO]: RubitosanPlayz issued server command: /gamemode c
[21:14:23] [Async Chat Thread - #1/INFO]: <RubitosanPlayz> my comm dont work[m

[21:14:31] [Async Chat Thread - #1/INFO]: <RubitosanPlayz> do i start rec?[m

[21:14:43] [Server thread/INFO]: ItsNikoPlayzYT issued server command: /op RubitosanPlayz
[21:14:43] [Server thread/INFO]: [ItsNikoPlayzYT: Opped RubitosanPlayz]
[21:14:48] [Server thread/INFO]: RubitosanPlayz issued server command: /gamemode c
[21:14:48] [Server thread/INFO]: [RubitosanPlayz: Set own game mode to Creative Mode]
[21:14:54] [Async Chat Thread - #1/INFO]: <RubitosanPlayz> it work[m

[21:15:03] [Async Chat Thread - #1/INFO]: <ItsNikoPlayzYT> opped you[m

[21:15:30] [Server thread/INFO]: ItsNikoPlayzYT issued server command: /give @p command_block
[21:15:30] [Server thread/INFO]: [ItsNikoPlayzYT: Given [Command Block] * 1 to ItsNikoPlayzYT]
[21:16:10] [Server thread/INFO]: ItsNikoPlayzYT issued server command: //set 0
[21:16:16] [Server thread/INFO]: ItsNikoPlayzYT issued server command: //undo
[21:16:42] [Server thread/INFO]: ItsNikoPlayzYT issued server command: /setblock glass 0
[21:16:55] [Server thread/INFO]: ItsNikoPlayzYT issued server command: /setblock -230 67 247
[21:17:04] [Server thread/INFO]: ItsNikoPlayzYT issued server command: /setblock -230 66 247 glass 0
[21:17:04] [Server thread/INFO]: [ItsNikoPlayzYT: Block placed]
[21:17:09] [Server thread/INFO]: RubitosanPlayz issued server command: /enchant @p knockback 5
[21:17:09] [Server thread/INFO]: [RubitosanPlayz: The number you have entered (5) is too big, it must be at most 2]
[21:17:10] [Server thread/INFO]: ItsNikoPlayzYT issued server command: //set 0
[21:17:17] [Server thread/INFO]: ItsNikoPlayzYT issued server command: //undo
[21:17:30] [Server thread/INFO]: ItsNikoPlayzYT issued server command: /worldedit
[21:17:42] [Server thread/INFO]: ItsNikoPlayzYT issued server command: /worldedit help
[21:17:43] [Server thread/INFO]: RubitosanPlayz issued server command: /enchant rubitosanplayz knockback 5
[21:17:43] [Server thread/INFO]: [RubitosanPlayz: The number you have entered (5) is too big, it must be at most 2]
[21:18:11] [Server thread/INFO]: ItsNikoPlayzYT issued server command: /brush stone 0
[21:18:31] [Server thread/INFO]: RubitosanPlayz issued server command: /gamemode s
[21:18:31] [Server thread/INFO]: [RubitosanPlayz: Set own game mode to Survival Mode]
[21:18:38] [Server thread/INFO]: ItsNikoPlayzYT issued server command: /brush sphere stone 0
[21:18:48] [Server thread/INFO]: ItsNikoPlayzYT issued server command: /brush sphere stone 0
[21:18:55] [Server thread/INFO]: ItsNikoPlayzYT issued server command: /brush sphere stone 10
[21:18:59] [Server thread/INFO]: RubitosanPlayz issued server command: /gamemode s
[21:18:59] [Server thread/INFO]: [RubitosanPlayz: Set own game mode to Survival Mode]
[21:19:03] [Server thread/INFO]: RubitosanPlayz issued server command: /gamemode c
[21:19:03] [Server thread/INFO]: [RubitosanPlayz: Set own game mode to Creative Mode]
[21:19:06] [Server thread/INFO]: ItsNikoPlayzYT issued server command: /brush sphere stone 200
[21:19:11] [Server thread/INFO]: ItsNikoPlayzYT issued server command: /brush sphere stone 5
[21:19:16] [Server thread/INFO]: ItsNikoPlayzYT issued server command: //undo
[21:19:21] [Server thread/INFO]: ItsNikoPlayzYT issued server command: //undo
[21:19:23] [Server thread/INFO]: ItsNikoPlayzYT issued server command: //undo
[21:19:23] [Server thread/INFO]: ItsNikoPlayzYT issued server command: //undo
[21:19:24] [Server thread/INFO]: ItsNikoPlayzYT issued server command: //undo
[21:19:25] [Server thread/INFO]: ItsNikoPlayzYT issued server command: //undo
[21:19:26] [Async Chat Thread - #2/INFO]: <RubitosanPlayz> im gonna start rec k[m

[21:19:39] [Server thread/INFO]: ItsNikoPlayzYT issued server command: /brush sphere stone 2
[21:19:46] [Server thread/INFO]: ItsNikoPlayzYT issued server command: //undo
[21:19:54] [Server thread/INFO]: ItsNikoPlayzYT issued server command: /brush smooth
[21:20:00] [Server thread/INFO]: ItsNikoPlayzYT issued server command: //undo
[21:20:01] [Server thread/INFO]: ItsNikoPlayzYT issued server command: //undo
[21:20:02] [Server thread/INFO]: ItsNikoPlayzYT issued server command: //undo
[21:20:04] [Server thread/INFO]: ItsNikoPlayzYT issued server command: //undo
[21:20:05] [Server thread/INFO]: ItsNikoPlayzYT issued server command: //undo
[21:20:06] [Server thread/INFO]: ItsNikoPlayzYT issued server command: //undo
[21:20:07] [Server thread/INFO]: ItsNikoPlayzYT issued server command: //undo
[21:20:08] [Server thread/INFO]: ItsNikoPlayzYT issued server command: //undo
[21:20:09] [Server thread/INFO]: ItsNikoPlayzYT issued server command: //undo
[21:20:47] [Server thread/INFO]: RubitosanPlayz lost connection: Disconnected
[21:20:47] [Server thread/INFO]: RubitosanPlayz left the game.
[21:22:16] [Thread-13/INFO]: UUID of player RubitosanPlayz is f43303d6-2e26-32ba-af33-56bfc81d598f
[21:22:17] [Server thread/INFO]: RubitosanPlayz[/[0:0:0:0:0:0:0:1]:38474] logged in with entity id 1400 at ([world]-238.65435252087508, 62.0, 246.30000001192093)
[21:22:28] [Server thread/INFO]: ItsNikoPlayzYT issued server command: /brush sphere stone 2
[21:22:34] [Server thread/INFO]: ItsNikoPlayzYT issued server command: //undo
[21:22:47] [Server thread/INFO]: RubitosanPlayz lost connection: Login timed out!
[21:22:47] [Server thread/INFO]: RubitosanPlayz left the game.
[21:22:47] [Server thread/WARN]: handleDisconnection() called twice
[21:22:48] [Server thread/INFO]: ItsNikoPlayzYT issued server command: /pos 1
[21:22:51] [Server thread/INFO]: ItsNikoPlayzYT issued server command: //pos 1
[21:22:54] [Thread-14/INFO]: UUID of player RubitosanPlayz is f43303d6-2e26-32ba-af33-56bfc81d598f
[21:22:54] [Server thread/INFO]: RubitosanPlayz[/[0:0:0:0:0:0:0:1]:37958] logged in with entity id 1524 at ([world]-238.65435252087508, 62.0, 246.30000001192093)
[21:22:55] [Server thread/INFO]: ItsNikoPlayzYT issued server command: /help
[21:23:05] [Server thread/INFO]: ItsNikoPlayzYT issued server command: /bukkit
[21:23:21] [Server thread/INFO]: ItsNikoPlayzYT issued server command: /time set day
[21:23:21] [Server thread/INFO]: [ItsNikoPlayzYT: Set the time to 1000]
[21:23:25] [Server thread/INFO]: RubitosanPlayz lost connection: Login timed out!
[21:23:25] [Server thread/INFO]: RubitosanPlayz left the game.
[21:23:25] [Server thread/WARN]: handleDisconnection() called twice
[21:23:30] [Thread-15/INFO]: UUID of player RubitosanPlayz is f43303d6-2e26-32ba-af33-56bfc81d598f
[21:23:30] [Server thread/INFO]: RubitosanPlayz[/[0:0:0:0:0:0:0:1]:48148] logged in with entity id 1541 at ([world]-238.97179882265698, 62.242879994795324, 246.09932758137586)
[21:25:08] [Server thread/INFO]: ItsNikoPlayzYT issued server command: //undo
[21:25:24] [Async Chat Thread - #3/INFO]: <RubitosanPlayz> LAG!!!!!![m

[21:25:59] [Server thread/INFO]: ItsNikoPlayzYT issued server command: /gamemode spectator
[21:25:59] [Server thread/INFO]: [ItsNikoPlayzYT: Set own game mode to Spectator Mode]
[21:26:17] [Server thread/INFO]: ItsNikoPlayzYT issued server command: /gamemoe creative
[21:26:25] [Server thread/INFO]: ItsNikoPlayzYT issued server command: /gamemode creative
[21:26:25] [Server thread/INFO]: [ItsNikoPlayzYT: Set own game mode to Creative Mode]
[21:26:40] [Async Chat Thread - #4/INFO]: <RubitosanPlayz> bro i have too much lag :([m

[21:27:06] [Server thread/INFO]: ItsNikoPlayzYT issued server command: //set 0
[21:27:19] [Server thread/INFO]: RubitosanPlayz issued server command: //undo
[21:27:22] [Server thread/INFO]: ItsNikoPlayzYT issued server command: //undo
[21:27:29] [Server thread/INFO]: RubitosanPlayz issued server command: /weather clear
[21:27:29] [Server thread/INFO]: [RubitosanPlayz: Changing to clear weather]
[21:28:01] [Server thread/INFO]: ItsNikoPlayzYT issued server command: //set 0
[21:28:08] [Server thread/INFO]: ItsNikoPlayzYT issued server command: //undo
[21:28:33] [Server thread/INFO]: ItsNikoPlayzYT issued server command: //set 0
[21:28:54] [Server thread/INFO]: ItsNikoPlayzYT issued server command: //undo
